c:\users\moosorkh\desktop\ex_files_c_pointers\c37\02_02_comp_end\02_02_comp_end\x64\debug\vc141.pdb
c:\users\moosorkh\desktop\ex_files_c_pointers\c37\02_02_comp_end\02_02_comp_end\x64\debug\vc141.idb
c:\users\moosorkh\desktop\ex_files_c_pointers\c37\02_02_comp_end\02_02_comp_end\x64\debug\main.sbr
c:\users\moosorkh\desktop\ex_files_c_pointers\c37\02_02_comp_end\02_02_comp_end\x64\debug\bitmap.sbr
c:\users\moosorkh\desktop\ex_files_c_pointers\c37\02_02_comp_end\02_02_comp_end\x64\debug\mandelbrot.sbr
c:\users\moosorkh\desktop\ex_files_c_pointers\c37\02_02_comp_end\02_02_comp_end\x64\debug\mandelbrot.obj
c:\users\moosorkh\desktop\ex_files_c_pointers\c37\02_02_comp_end\02_02_comp_end\x64\debug\bitmap.obj
c:\users\moosorkh\desktop\ex_files_c_pointers\c37\02_02_comp_end\02_02_comp_end\x64\debug\main.obj
c:\users\moosorkh\desktop\ex_files_c_pointers\c37\02_02_comp_end\x64\debug\02_02_comp_end.exe
c:\users\moosorkh\desktop\ex_files_c_pointers\c37\02_02_comp_end\x64\debug\02_02_comp_end.ilk
c:\users\moosorkh\desktop\ex_files_c_pointers\c37\02_02_comp_end\x64\debug\02_02_comp_end.pdb
c:\users\moosorkh\desktop\ex_files_c_pointers\c37\02_02_comp_end\x64\debug\02_02_comp_end.bsc
c:\users\moosorkh\desktop\ex_files_c_pointers\c37\02_02_comp_end\02_02_comp_end\x64\debug\02_02_comp_end.tlog\bscmake.command.1.tlog
c:\users\moosorkh\desktop\ex_files_c_pointers\c37\02_02_comp_end\02_02_comp_end\x64\debug\02_02_comp_end.tlog\bscmake.read.1.tlog
c:\users\moosorkh\desktop\ex_files_c_pointers\c37\02_02_comp_end\02_02_comp_end\x64\debug\02_02_comp_end.tlog\cl.command.1.tlog
c:\users\moosorkh\desktop\ex_files_c_pointers\c37\02_02_comp_end\02_02_comp_end\x64\debug\02_02_comp_end.tlog\cl.read.1.tlog
c:\users\moosorkh\desktop\ex_files_c_pointers\c37\02_02_comp_end\02_02_comp_end\x64\debug\02_02_comp_end.tlog\cl.write.1.tlog
c:\users\moosorkh\desktop\ex_files_c_pointers\c37\02_02_comp_end\02_02_comp_end\x64\debug\02_02_comp_end.tlog\link.command.1.tlog
c:\users\moosorkh\desktop\ex_files_c_pointers\c37\02_02_comp_end\02_02_comp_end\x64\debug\02_02_comp_end.tlog\link.read.1.tlog
c:\users\moosorkh\desktop\ex_files_c_pointers\c37\02_02_comp_end\02_02_comp_end\x64\debug\02_02_comp_end.tlog\link.write.1.tlog
